#
# A fatal error has been detected by the Java Runtime Environment:
#
#  SIGBUS (0xa) at pc=0x000000010a56829a, pid=1364, tid=5379
#
# JRE version: Java(TM) SE Runtime Environment (8.0_25-b17) (build 1.8.0_25-b17)
# Java VM: Java HotSpot(TM) 64-Bit Server VM (25.25-b02 mixed mode bsd-amd64 compressed oops)
# Problematic frame:
# j  com.android.dx.dex.cf.CfTranslator.processMethods(Lcom/android/dx/cf/direct/DirectClassFile;Lcom/android/dx/dex/cf/CfOptions;Lcom/android/dx/dex/DexOptions;Lcom/android/dx/dex/file/ClassDefItem;Lcom/android/dx/dex/file/DexFile;)V+188
#
# Failed to write core dump. Core dumps have been disabled. To enable core dumping, try "ulimit -c unlimited" before starting Java again
#
# If you would like to submit a bug report, please visit:
#   http://bugreport.sun.com/bugreport/crash.jsp
#

---------------  T H R E A D  ---------------

Current thread (0x00007ff21200e000):  JavaThread "main" [_thread_in_Java, id=5379, stack(0x000000010a401000,0x000000010a501000)]

siginfo: si_signo: 10 (SIGBUS), si_code: 2 (BUS_ADRERR), si_addr: 0x00000007c040d62a

Registers:
RAX=0x000000011c4e2ed0, RBX=0x00000000000000bb, RCX=0x000000000000012c, RDX=0x0000000000000004
RSP=0x000000010a4ffc18, RBP=0x000000010a4ffc58, RSI=0x00000007c040d4b8, RDI=0x000000011c639780
R8 =0x0000000000000004, R9 =0x0000000000000056, R10=0x0000000109965d90, R11=0x0000000000000006
R12=0x0000000000000000, R13=0x000000011c4e4e11, R14=0x000000010a4ffd28, R15=0x00007ff21200e000
RIP=0x000000010a56829a, EFLAGS=0x0000000000010246, ERR=0x0000000000000004
  TRAPNO=0x000000000000000e

Top of Stack: (sp=0x000000010a4ffc18)
0x000000010a4ffc18:   000000010a4ffc18 000000011c4e4e0c
0x000000010a4ffc28:   000000010a4ffd28 000000011c4e8240
0x000000010a4ffc38:   0000000000000000 000000011c4e5170
0x000000010a4ffc48:   0000000000000000 000000010a4ffd08
0x000000010a4ffc58:   000000010a4ffd70 000000010a54f98d
0x000000010a4ffc68:   00000007aadfe6e8 00000007aade6548
0x000000010a4ffc78:   0000000000000004 0000000000000000
0x000000010a4ffc88:   00000007aae03b18 00000007abb02ae8
0x000000010a4ffc98:   00000007aae01e48 00000007aae01d70
0x000000010a4ffca8:   0000000000000000 0000000000000000
0x000000010a4ffcb8:   0000000000000000 0000000000000000
0x000000010a4ffcc8:   0000000000000000 0000000000000001
0x000000010a4ffcd8:   00000007aae01e28 00000007aadd4e20
0x000000010a4ffce8:   0000000000000002 0000000000000003
0x000000010a4ffcf8:   00000007aadd3980 00000007aadd2138
0x000000010a4ffd08:   00000007abb02bc0 00000007aadd5428
0x000000010a4ffd18:   00000007abb02b78 00000007abb02b58
0x000000010a4ffd28:   00000007aadcf318 000000010a4ffd30
0x000000010a4ffd38:   000000011c4e46a0 000000010a4ffdf8
0x000000010a4ffd48:   000000011c4e8240 0000000000000000
0x000000010a4ffd58:   000000011c4e4810 000000010a4ffd08
0x000000010a4ffd68:   000000010a4ffdd8 000000010a4ffe40
0x000000010a4ffd78:   000000010a54f710 0000000000000000
0x000000010a4ffd88:   0000000000000000 0000000000000000
0x000000010a4ffd98:   0000000000000000 00000007abb034b8
0x000000010a4ffda8:   00000007abb03490 00000007abbd26d0
0x000000010a4ffdb8:   00000007aadd5428 00000007aadd3290
0x000000010a4ffdc8:   0000000000000001 00000007aadd2138
0x000000010a4ffdd8:   00000007abb02bc0 00000007abb02b78
0x000000010a4ffde8:   00000007abb02b58 00000007aadce678
0x000000010a4ffdf8:   00000007aadcf318 000000010a4ffe00
0x000000010a4ffe08:   000000011c4e44f6 000000010a4ffe80 

Instructions: (pc=0x000000010a56829a)
0x000000010a56827a:   48 8b 75 e8 48 8b 76 08 48 8b 76 08 48 8b 46 08
0x000000010a56828a:   80 7c 10 04 07 0f 85 d5 00 00 00 48 8b 74 d6 50
0x000000010a56829a:   80 be 72 01 00 00 04 0f 85 c3 00 00 00 8b 56 08
0x000000010a5682aa:   f7 c2 01 00 00 00 0f 85 b4 00 00 00 49 8b 47 60 

Register to memory mapping:

RAX=0x000000011c4e2ed0 is pointing into metadata
RBX=0x00000000000000bb is an unknown value
RCX=0x000000000000012c is an unknown value
RDX=0x0000000000000004 is an unknown value
RSP=0x000000010a4ffc18 is pointing into the stack for thread: 0x00007ff21200e000
RBP=0x000000010a4ffc58 is pointing into the stack for thread: 0x00007ff21200e000
RSI=0x00000007c040d4b8 is an unknown value
RDI=0x000000011c639780 is pointing into metadata
R8 =0x0000000000000004 is an unknown value
R9 =0x0000000000000056 is an unknown value
R10=0x0000000109965d90: _ZN19TemplateInterpreter13_active_tableE+0x4000 in /Library/Java/JavaVirtualMachines/jdk1.8.0_25.jdk/Contents/Home/jre/lib/server/libjvm.dylib at 0x00000001090ba000
R11=0x0000000000000006 is an unknown value
R12=0x0000000000000000 is an unknown value
R13=0x000000011c4e4e11 is pointing into metadata
R14=0x000000010a4ffd28 is pointing into the stack for thread: 0x00007ff21200e000
R15=0x00007ff21200e000 is a thread


Stack: [0x000000010a401000,0x000000010a501000],  sp=0x000000010a4ffc18,  free space=1019k
Native frames: (J=compiled Java code, j=interpreted, Vv=VM code, C=native code)
j  com.android.dx.dex.cf.CfTranslator.processMethods(Lcom/android/dx/cf/direct/DirectClassFile;Lcom/android/dx/dex/cf/CfOptions;Lcom/android/dx/dex/DexOptions;Lcom/android/dx/dex/file/ClassDefItem;Lcom/android/dx/dex/file/DexFile;)V+188
j  com.android.dx.dex.cf.CfTranslator.translate0(Lcom/android/dx/cf/direct/DirectClassFile;[BLcom/android/dx/dex/cf/CfOptions;Lcom/android/dx/dex/DexOptions;Lcom/android/dx/dex/file/DexFile;)Lcom/android/dx/dex/file/ClassDefItem;+120
j  com.android.dx.dex.cf.CfTranslator.translate(Lcom/android/dx/cf/direct/DirectClassFile;[BLcom/android/dx/dex/cf/CfOptions;Lcom/android/dx/dex/DexOptions;Lcom/android/dx/dex/file/DexFile;)Lcom/android/dx/dex/file/ClassDefItem;+6
j  com.android.dx.command.dexer.Main.processClass(Ljava/lang/String;[B)Z+251
j  com.android.dx.command.dexer.Main.processFileBytes(Ljava/lang/String;J[B)Z+188
j  com.android.dx.command.dexer.Main.access$300(Ljava/lang/String;J[B)Z+3
j  com.android.dx.command.dexer.Main$1.processFileBytes(Ljava/lang/String;J[B)Z+4
j  com.android.dx.cf.direct.ClassPathOpener.processOne(Ljava/io/File;Z)Z+82
j  com.android.dx.cf.direct.ClassPathOpener.processDirectory(Ljava/io/File;Z)Z+64
j  com.android.dx.cf.direct.ClassPathOpener.processOne(Ljava/io/File;Z)Z+10
j  com.android.dx.cf.direct.ClassPathOpener.processDirectory(Ljava/io/File;Z)Z+64
j  com.android.dx.cf.direct.ClassPathOpener.processOne(Ljava/io/File;Z)Z+10
j  com.android.dx.cf.direct.ClassPathOpener.processDirectory(Ljava/io/File;Z)Z+64
j  com.android.dx.cf.direct.ClassPathOpener.processOne(Ljava/io/File;Z)Z+10
j  com.android.dx.cf.direct.ClassPathOpener.processDirectory(Ljava/io/File;Z)Z+64
j  com.android.dx.cf.direct.ClassPathOpener.processOne(Ljava/io/File;Z)Z+10
j  com.android.dx.cf.direct.ClassPathOpener.processDirectory(Ljava/io/File;Z)Z+64
j  com.android.dx.cf.direct.ClassPathOpener.processOne(Ljava/io/File;Z)Z+10
j  com.android.dx.cf.direct.ClassPathOpener.process()Z+15
j  com.android.dx.command.dexer.Main.processOne(Ljava/lang/String;Lcom/android/dx/cf/direct/ClassPathOpener$FileNameFilter;)V+58
j  com.android.dx.command.dexer.Main.processAllFiles()Z+202
j  com.android.dx.command.dexer.Main.runMonoDex()I+58
j  com.android.dx.command.dexer.Main.run(Lcom/android/dx/command/dexer/Main$Arguments;)I+76
j  com.android.dx.command.dexer.Main.main([Ljava/lang/String;)V+14
j  com.android.dx.command.Main.main([Ljava/lang/String;)V+61
v  ~StubRoutines::call_stub
V  [libjvm.dylib+0x2d4516]
V  [libjvm.dylib+0x30958b]
V  [libjvm.dylib+0x302785]
C  [java+0x2c82]  JavaMain+0x998
C  [libsystem_pthread.dylib+0x405a]  _pthread_body+0x83
C  [libsystem_pthread.dylib+0x3fd7]  _pthread_body+0x0
C  [libsystem_pthread.dylib+0x13ed]  thread_start+0xd
C  0x0000000000000000


---------------  P R O C E S S  ---------------

Java Threads: ( => current thread )
  0x00007ff212871800 JavaThread "Service Thread" daemon [_thread_blocked, id=16643, stack(0x000000011f43e000,0x000000011f53e000)]
  0x00007ff212816000 JavaThread "C1 CompilerThread1" daemon [_thread_blocked, id=16131, stack(0x000000011f33b000,0x000000011f43b000)]
  0x00007ff21208b000 JavaThread "C2 CompilerThread0" daemon [_thread_blocked, id=15619, stack(0x000000011f238000,0x000000011f338000)]
  0x00007ff21281e800 JavaThread "Signal Dispatcher" daemon [_thread_blocked, id=14871, stack(0x000000011f135000,0x000000011f235000)]
  0x00007ff212809000 JavaThread "Finalizer" daemon [_thread_blocked, id=11011, stack(0x000000011d70b000,0x000000011d80b000)]
  0x00007ff212069800 JavaThread "Reference Handler" daemon [_thread_blocked, id=10499, stack(0x000000011d608000,0x000000011d708000)]
=>0x00007ff21200e000 JavaThread "main" [_thread_in_Java, id=5379, stack(0x000000010a401000,0x000000010a501000)]

Other Threads:
  0x00007ff212065000 VMThread [stack: 0x000000011d505000,0x000000011d605000] [id=9987]
  0x00007ff21282f000 WatcherThread [stack: 0x000000011f541000,0x000000011f641000] [id=17155]

VM state:not at safepoint (normal execution)

VM Mutex/Monitor currently owned by a thread: None

Heap:
 PSYoungGen      total 18944K, used 5899K [0x00000007aab00000, 0x00000007ad000000, 0x00000007c0000000)
  eden space 16384K, 20% used [0x00000007aab00000,0x00000007aae4ad50,0x00000007abb00000)
  from space 2560K, 98% used [0x00000007abb00000,0x00000007abd78038,0x00000007abd80000)
  to   space 2560K, 0% used [0x00000007acd80000,0x00000007acd80000,0x00000007ad000000)
 ParOldGen       total 44032K, used 1625K [0x0000000780000000, 0x0000000782b00000, 0x00000007aab00000)
  object space 44032K, 3% used [0x0000000780000000,0x0000000780196498,0x0000000782b00000)
 Metaspace       used 5461K, capacity 6768K, committed 7040K, reserved 1056768K
  class space    used 547K, capacity 616K, committed 640K, reserved 1048576K

Card table byte_map: [0x0000000119908000,0x0000000119b09000] byte_map_base: 0x0000000115d08000

Marking Bits: (ParMarkBitMap*) 0x0000000109957390
 Begin Bits: [0x0000000119e65000, 0x000000011ae65000)
 End Bits:   [0x000000011ae65000, 0x000000011be65000)

Polling page: 0x0000000109ffb000

CodeCache: size=245760Kb used=3832Kb max_used=3832Kb free=241927Kb
 bounds [0x000000010a548000, 0x000000010a918000, 0x0000000119548000]
 total_blobs=1223 nmethods=965 adapters=174
 compilation: enabled

Compilation events (10 events):
Event: 1.233 Thread 0x00007ff212816000  950       3       com.android.dx.rop.cst.CstLiteral32::equals (35 bytes)
Event: 1.233 Thread 0x00007ff212816000 nmethod 950 0x000000010a8edc10 code [0x000000010a8edd80, 0x000000010a8ee1d0]
Event: 1.233 Thread 0x00007ff212816000  948       3       com.android.dx.dex.code.RopTranslator$LocalVariableAwareTranslationVisitor::visitThrowingCstInsn (11 bytes)
Event: 1.234 Thread 0x00007ff212816000 nmethod 948 0x000000010a8f16d0 code [0x000000010a8f18e0, 0x000000010a8f2438]
Event: 1.234 Thread 0x00007ff212816000  949       3       com.android.dx.dex.code.RopTranslator$TranslationVisitor::visitThrowingCstInsn (225 bytes)
Event: 1.237 Thread 0x00007ff212816000 nmethod 949 0x000000010a8f2a90 code [0x000000010a8f2e20, 0x000000010a8f5048]
Event: 1.237 Thread 0x00007ff212816000  951       3       com.android.dx.cf.code.Simulator$SimVisitor::visitConstant (332 bytes)
Event: 1.239 Thread 0x00007ff212816000 nmethod 951 0x000000010a8f6210 code [0x000000010a8f6540, 0x000000010a8f8498]
Event: 1.239 Thread 0x00007ff212816000  926       3       com.android.dx.cf.code.ByteBlockList::labelToBlock (46 bytes)
Event: 1.248 Thread 0x00007ff21208b000  959       4       com.android.dx.cf.iface.StdAttributeList::findFirst (44 bytes)

GC Heap History (2 events):
Event: 1.114 GC heap before
{Heap before GC invocations=1 (full 0):
 PSYoungGen      total 18944K, used 16384K [0x00000007aab00000, 0x00000007ac000000, 0x00000007c0000000)
  eden space 16384K, 100% used [0x00000007aab00000,0x00000007abb00000,0x00000007abb00000)
  from space 2560K, 0% used [0x00000007abd80000,0x00000007abd80000,0x00000007ac000000)
  to   space 2560K, 0% used [0x00000007abb00000,0x00000007abb00000,0x00000007abd80000)
 ParOldGen       total 44032K, used 0K [0x0000000780000000, 0x0000000782b00000, 0x00000007aab00000)
  object space 44032K, 0% used [0x0000000780000000,0x0000000780000000,0x0000000782b00000)
 Metaspace       used 5398K, capacity 6704K, committed 6784K, reserved 1056768K
  class space    used 545K, capacity 616K, committed 640K, reserved 1048576K
Event: 1.129 GC heap after
Heap after GC invocations=1 (full 0):
 PSYoungGen      total 18944K, used 2528K [0x00000007aab00000, 0x00000007ad000000, 0x00000007c0000000)
  eden space 16384K, 0% used [0x00000007aab00000,0x00000007aab00000,0x00000007abb00000)
  from space 2560K, 98% used [0x00000007abb00000,0x00000007abd78038,0x00000007abd80000)
  to   space 2560K, 0% used [0x00000007acd80000,0x00000007acd80000,0x00000007ad000000)
 ParOldGen       total 44032K, used 1625K [0x0000000780000000, 0x0000000782b00000, 0x00000007aab00000)
  object space 44032K, 3% used [0x0000000780000000,0x0000000780196498,0x0000000782b00000)
 Metaspace       used 5398K, capacity 6704K, committed 6784K, reserved 1056768K
  class space    used 545K, capacity 616K, committed 640K, reserved 1048576K
}

Deoptimization events (5 events):
Event: 0.536 Thread 0x00007ff21200e000 Uncommon trap: reason=unreached action=reinterpret pc=0x000000010a6ce990 method=java.util.HashMap.getNode(ILjava/lang/Object;)Ljava/util/HashMap$Node; @ 116
Event: 0.601 Thread 0x00007ff21200e000 Uncommon trap: reason=class_check action=maybe_recompile pc=0x000000010a6c89d4 method=java.util.HashMap.getNode(ILjava/lang/Object;)Ljava/util/HashMap$Node; @ 126
Event: 0.677 Thread 0x00007ff21200e000 Uncommon trap: reason=class_check action=maybe_recompile pc=0x000000010a6c89d4 method=java.util.HashMap.getNode(ILjava/lang/Object;)Ljava/util/HashMap$Node; @ 126
Event: 0.677 Thread 0x00007ff21200e000 Uncommon trap: reason=class_check action=maybe_recompile pc=0x000000010a6c89d4 method=java.util.HashMap.getNode(ILjava/lang/Object;)Ljava/util/HashMap$Node; @ 126
Event: 0.677 Thread 0x00007ff21200e000 Uncommon trap: reason=class_check action=maybe_recompile pc=0x000000010a6c89d4 method=java.util.HashMap.getNode(ILjava/lang/Object;)Ljava/util/HashMap$Node; @ 126

Internal exceptions (10 events):
Event: 0.728 Thread 0x00007ff21200e000 Exception <a 'java/security/PrivilegedActionException'> (0x00000007ab613f48) thrown at [/HUDSON3/workspace/8-2-build-macosx-x86_64/jdk8u25/1514/hotspot/src/share/vm/prims/jvm.cpp, line 1312]
Event: 0.728 Thread 0x00007ff21200e000 Exception <a 'java/security/PrivilegedActionException'> (0x00000007ab617fc8) thrown at [/HUDSON3/workspace/8-2-build-macosx-x86_64/jdk8u25/1514/hotspot/src/share/vm/prims/jvm.cpp, line 1312]
Event: 0.760 Thread 0x00007ff21200e000 Exception <a 'java/security/PrivilegedActionException'> (0x00000007ab64a7d8) thrown at [/HUDSON3/workspace/8-2-build-macosx-x86_64/jdk8u25/1514/hotspot/src/share/vm/prims/jvm.cpp, line 1312]
Event: 0.780 Thread 0x00007ff21200e000 Exception <a 'java/security/PrivilegedActionException'> (0x00000007ab683778) thrown at [/HUDSON3/workspace/8-2-build-macosx-x86_64/jdk8u25/1514/hotspot/src/share/vm/prims/jvm.cpp, line 1312]
Event: 0.781 Thread 0x00007ff21200e000 Exception <a 'java/security/PrivilegedActionException'> (0x00000007ab689710) thrown at [/HUDSON3/workspace/8-2-build-macosx-x86_64/jdk8u25/1514/hotspot/src/share/vm/prims/jvm.cpp, line 1312]
Event: 0.802 Thread 0x00007ff21200e000 Exception <a 'java/security/PrivilegedActionException'> (0x00000007ab6c8dc0) thrown at [/HUDSON3/workspace/8-2-build-macosx-x86_64/jdk8u25/1514/hotspot/src/share/vm/prims/jvm.cpp, line 1312]
Event: 0.809 Thread 0x00007ff21200e000 Exception <a 'java/security/PrivilegedActionException'> (0x00000007ab6daa28) thrown at [/HUDSON3/workspace/8-2-build-macosx-x86_64/jdk8u25/1514/hotspot/src/share/vm/prims/jvm.cpp, line 1312]
Event: 0.915 Thread 0x00007ff21200e000 Exception <a 'java/security/PrivilegedActionException'> (0x00000007ab872698) thrown at [/HUDSON3/workspace/8-2-build-macosx-x86_64/jdk8u25/1514/hotspot/src/share/vm/prims/jvm.cpp, line 1312]
Event: 0.925 Thread 0x00007ff21200e000 Exception <a 'java/security/PrivilegedActionException'> (0x00000007ab87de08) thrown at [/HUDSON3/workspace/8-2-build-macosx-x86_64/jdk8u25/1514/hotspot/src/share/vm/prims/jvm.cpp, line 1312]
Event: 0.925 Thread 0x00007ff21200e000 Exception <a 'java/security/PrivilegedActionException'> (0x00000007ab8816a0) thrown at [/HUDSON3/workspace/8-2-build-macosx-x86_64/jdk8u25/1514/hotspot/src/share/vm/prims/jvm.cpp, line 1312]

Events (10 events):
Event: 1.006 loading class java/util/ArrayList$1
Event: 1.006 loading class java/util/ArrayList$1 done
Event: 1.113 Executing VM operation: ParallelGCFailedAllocation
Event: 1.130 Executing VM operation: ParallelGCFailedAllocation done
Event: 1.133 loading class sun/misc/Cleaner
Event: 1.133 loading class sun/misc/Cleaner done
Event: 1.208 loading class java/util/TreeMap$EntrySet
Event: 1.208 loading class java/util/TreeMap$EntrySet done
Event: 1.208 loading class java/util/TreeMap$EntryIterator
Event: 1.208 loading class java/util/TreeMap$EntryIterator done


Dynamic libraries:
0x0000000004d36000 	/System/Library/Frameworks/Cocoa.framework/Versions/A/Cocoa
0x0000000004d36000 	/System/Library/Frameworks/Security.framework/Versions/A/Security
0x0000000004d36000 	/System/Library/Frameworks/ApplicationServices.framework/Versions/A/ApplicationServices
0x0000000004d36000 	/usr/lib/libz.1.dylib
0x0000000004d36000 	/usr/lib/libSystem.B.dylib
0x0000000004d36000 	/usr/lib/libobjc.A.dylib
0x0000000004d36000 	/System/Library/Frameworks/CoreFoundation.framework/Versions/A/CoreFoundation
0x0000000004d36000 	/System/Library/Frameworks/Foundation.framework/Versions/C/Foundation
0x0000000004d36000 	/System/Library/Frameworks/AppKit.framework/Versions/C/AppKit
0x0000000004d36000 	/System/Library/Frameworks/CoreData.framework/Versions/A/CoreData
0x0000000004d36000 	/System/Library/PrivateFrameworks/RemoteViewServices.framework/Versions/A/RemoteViewServices
0x0000000004d36000 	/System/Library/PrivateFrameworks/UIFoundation.framework/Versions/A/UIFoundation
0x0000000004d36000 	/System/Library/Frameworks/IOSurface.framework/Versions/A/IOSurface
0x0000000004d36000 	/System/Library/Frameworks/AudioToolbox.framework/Versions/A/AudioToolbox
0x0000000004d36000 	/System/Library/Frameworks/AudioUnit.framework/Versions/A/AudioUnit
0x0000000004d36000 	/System/Library/PrivateFrameworks/DataDetectorsCore.framework/Versions/A/DataDetectorsCore
0x0000000004d36000 	/System/Library/PrivateFrameworks/DesktopServicesPriv.framework/Versions/A/DesktopServicesPriv
0x0000000004d36000 	/System/Library/Frameworks/Carbon.framework/Versions/A/Frameworks/HIToolbox.framework/Versions/A/HIToolbox
0x0000000004d36000 	/System/Library/Frameworks/QuartzCore.framework/Versions/A/QuartzCore
0x0000000004d36000 	/System/Library/Frameworks/Carbon.framework/Versions/A/Frameworks/SpeechRecognition.framework/Versions/A/SpeechRecognition
0x0000000004d36000 	/usr/lib/libauto.dylib
0x0000000004d36000 	/usr/lib/libicucore.A.dylib
0x0000000004d36000 	/usr/lib/libxml2.2.dylib
0x0000000004d36000 	/System/Library/PrivateFrameworks/CoreUI.framework/Versions/A/CoreUI
0x0000000004d36000 	/System/Library/Frameworks/CoreAudio.framework/Versions/A/CoreAudio
0x0000000004d36000 	/System/Library/Frameworks/DiskArbitration.framework/Versions/A/DiskArbitration
0x0000000004d36000 	/usr/lib/liblangid.dylib
0x0000000004d36000 	/System/Library/PrivateFrameworks/MultitouchSupport.framework/Versions/A/MultitouchSupport
0x0000000004d36000 	/System/Library/Frameworks/IOKit.framework/Versions/A/IOKit
0x0000000004d36000 	/usr/lib/libDiagnosticMessagesClient.dylib
0x0000000004d36000 	/System/Library/Frameworks/CoreServices.framework/Versions/A/CoreServices
0x0000000004d36000 	/System/Library/PrivateFrameworks/PerformanceAnalysis.framework/Versions/A/PerformanceAnalysis
0x0000000004d36000 	/System/Library/PrivateFrameworks/GenerationalStorage.framework/Versions/A/GenerationalStorage
0x0000000004d36000 	/System/Library/Frameworks/OpenGL.framework/Versions/A/OpenGL
0x0000000004d36000 	/System/Library/PrivateFrameworks/Sharing.framework/Versions/A/Sharing
0x0000000004d36000 	/System/Library/Frameworks/CoreGraphics.framework/Versions/A/CoreGraphics
0x0000000004d36000 	/System/Library/Frameworks/CoreText.framework/Versions/A/CoreText
0x0000000004d36000 	/System/Library/Frameworks/ImageIO.framework/Versions/A/ImageIO
0x0000000004d36000 	/usr/lib/libextension.dylib
0x0000000004d36000 	/System/Library/PrivateFrameworks/Backup.framework/Versions/A/Backup
0x0000000004d36000 	/usr/lib/libarchive.2.dylib
0x0000000004d36000 	/System/Library/Frameworks/CFNetwork.framework/Versions/A/CFNetwork
0x0000000004d36000 	/System/Library/Frameworks/SystemConfiguration.framework/Versions/A/SystemConfiguration
0x0000000004d36000 	/usr/lib/libCRFSuite.dylib
0x0000000004d36000 	/usr/lib/libc++.1.dylib
0x0000000004d36000 	/usr/lib/libc++abi.dylib
0x0000000004d36000 	/usr/lib/system/libcache.dylib
0x0000000004d36000 	/usr/lib/system/libcommonCrypto.dylib
0x0000000004d36000 	/usr/lib/system/libcompiler_rt.dylib
0x0000000004d36000 	/usr/lib/system/libcopyfile.dylib
0x0000000004d36000 	/usr/lib/system/libcorecrypto.dylib
0x0000000004d36000 	/usr/lib/system/libdispatch.dylib
0x0000000004d36000 	/usr/lib/system/libdyld.dylib
0x0000000004d36000 	/usr/lib/system/libkeymgr.dylib
0x0000000004d36000 	/usr/lib/system/liblaunch.dylib
0x0000000004d36000 	/usr/lib/system/libmacho.dylib
0x0000000004d36000 	/usr/lib/system/libquarantine.dylib
0x0000000004d36000 	/usr/lib/system/libremovefile.dylib
0x0000000004d36000 	/usr/lib/system/libsystem_asl.dylib
0x0000000004d36000 	/usr/lib/system/libsystem_blocks.dylib
0x0000000004d36000 	/usr/lib/system/libsystem_c.dylib
0x0000000004d36000 	/usr/lib/system/libsystem_configuration.dylib
0x0000000004d36000 	/usr/lib/system/libsystem_coreservices.dylib
0x0000000004d36000 	/usr/lib/system/libsystem_coretls.dylib
0x0000000004d36000 	/usr/lib/system/libsystem_dnssd.dylib
0x0000000004d36000 	/usr/lib/system/libsystem_info.dylib
0x0000000004d36000 	/usr/lib/system/libsystem_kernel.dylib
0x0000000004d36000 	/usr/lib/system/libsystem_m.dylib
0x0000000004d36000 	/usr/lib/system/libsystem_malloc.dylib
0x0000000004d36000 	/usr/lib/system/libsystem_network.dylib
0x0000000004d36000 	/usr/lib/system/libsystem_networkextension.dylib
0x0000000004d36000 	/usr/lib/system/libsystem_notify.dylib
0x0000000004d36000 	/usr/lib/system/libsystem_platform.dylib
0x0000000004d36000 	/usr/lib/system/libsystem_pthread.dylib
0x0000000004d36000 	/usr/lib/system/libsystem_sandbox.dylib
0x0000000004d36000 	/usr/lib/system/libsystem_secinit.dylib
0x0000000004d36000 	/usr/lib/system/libsystem_stats.dylib
0x0000000004d36000 	/usr/lib/system/libsystem_trace.dylib
0x0000000004d36000 	/usr/lib/system/libunc.dylib
0x0000000004d36000 	/usr/lib/system/libunwind.dylib
0x0000000004d36000 	/usr/lib/system/libxpc.dylib
0x0000000004d36000 	/usr/lib/libbz2.1.0.dylib
0x0000000004d36000 	/usr/lib/liblzma.5.dylib
0x0000000004d36000 	/usr/lib/libbsm.0.dylib
0x0000000004d36000 	/usr/lib/libsqlite3.dylib
0x0000000004d36000 	/usr/lib/system/libkxld.dylib
0x0000000004d36000 	/usr/lib/libxar.1.dylib
0x0000000004d36000 	/usr/lib/libpam.2.dylib
0x0000000004d36000 	/usr/lib/libOpenScriptingUtil.dylib
0x0000000004d36000 	/System/Library/Frameworks/CoreServices.framework/Versions/A/Frameworks/FSEvents.framework/Versions/A/FSEvents
0x0000000004d36000 	/System/Library/Frameworks/CoreServices.framework/Versions/A/Frameworks/CarbonCore.framework/Versions/A/CarbonCore
0x0000000004d36000 	/System/Library/Frameworks/CoreServices.framework/Versions/A/Frameworks/Metadata.framework/Versions/A/Metadata
0x0000000004d36000 	/System/Library/Frameworks/CoreServices.framework/Versions/A/Frameworks/OSServices.framework/Versions/A/OSServices
0x0000000004d36000 	/System/Library/Frameworks/CoreServices.framework/Versions/A/Frameworks/SearchKit.framework/Versions/A/SearchKit
0x0000000004d36000 	/System/Library/Frameworks/CoreServices.framework/Versions/A/Frameworks/AE.framework/Versions/A/AE
0x0000000004d36000 	/System/Library/Frameworks/CoreServices.framework/Versions/A/Frameworks/LaunchServices.framework/Versions/A/LaunchServices
0x0000000004d36000 	/System/Library/Frameworks/CoreServices.framework/Versions/A/Frameworks/DictionaryServices.framework/Versions/A/DictionaryServices
0x0000000004d36000 	/System/Library/Frameworks/NetFS.framework/Versions/A/NetFS
0x0000000004d36000 	/System/Library/PrivateFrameworks/NetAuth.framework/Versions/A/NetAuth
0x0000000004d36000 	/System/Library/PrivateFrameworks/login.framework/Versions/A/Frameworks/loginsupport.framework/Versions/A/loginsupport
0x0000000004d36000 	/System/Library/PrivateFrameworks/TCC.framework/Versions/A/TCC
0x0000000004d36000 	/usr/lib/libmecabra.dylib
0x0000000004d36000 	/System/Library/Frameworks/ApplicationServices.framework/Versions/A/Frameworks/ATS.framework/Versions/A/ATS
0x0000000004d36000 	/System/Library/Frameworks/ApplicationServices.framework/Versions/A/Frameworks/ColorSync.framework/Versions/A/ColorSync
0x0000000004d36000 	/System/Library/Frameworks/ApplicationServices.framework/Versions/A/Frameworks/HIServices.framework/Versions/A/HIServices
0x0000000004d36000 	/System/Library/Frameworks/ApplicationServices.framework/Versions/A/Frameworks/LangAnalysis.framework/Versions/A/LangAnalysis
0x0000000004d36000 	/System/Library/Frameworks/ApplicationServices.framework/Versions/A/Frameworks/PrintCore.framework/Versions/A/PrintCore
0x0000000004d36000 	/System/Library/Frameworks/ApplicationServices.framework/Versions/A/Frameworks/QD.framework/Versions/A/QD
0x0000000004d36000 	/System/Library/Frameworks/ApplicationServices.framework/Versions/A/Frameworks/SpeechSynthesis.framework/Versions/A/SpeechSynthesis
0x0000000004d36000 	/System/Library/Frameworks/Accelerate.framework/Versions/A/Accelerate
0x0000000004d36000 	/System/Library/Frameworks/Accelerate.framework/Versions/A/Frameworks/vImage.framework/Versions/A/vImage
0x0000000004d36000 	/System/Library/Frameworks/Accelerate.framework/Versions/A/Frameworks/vecLib.framework/Versions/A/vecLib
0x0000000004d36000 	/System/Library/Frameworks/Accelerate.framework/Versions/A/Frameworks/vecLib.framework/Versions/A/libvDSP.dylib
0x0000000004d36000 	/System/Library/Frameworks/Accelerate.framework/Versions/A/Frameworks/vecLib.framework/Versions/A/libvMisc.dylib
0x0000000004d36000 	/System/Library/Frameworks/Accelerate.framework/Versions/A/Frameworks/vecLib.framework/Versions/A/libLAPACK.dylib
0x0000000004d36000 	/System/Library/Frameworks/Accelerate.framework/Versions/A/Frameworks/vecLib.framework/Versions/A/libBLAS.dylib
0x0000000004d36000 	/System/Library/Frameworks/Accelerate.framework/Versions/A/Frameworks/vecLib.framework/Versions/A/libLinearAlgebra.dylib
0x0000000004d36000 	/System/Library/Frameworks/ApplicationServices.framework/Versions/A/Frameworks/ATS.framework/Versions/A/Resources/libFontParser.dylib
0x0000000004d36000 	/System/Library/Frameworks/ApplicationServices.framework/Versions/A/Frameworks/ATS.framework/Versions/A/Resources/libFontRegistry.dylib
0x0000000004d36000 	/System/Library/PrivateFrameworks/AppleVPA.framework/Versions/A/AppleVPA
0x0000000004d36000 	/System/Library/PrivateFrameworks/AppleJPEG.framework/Versions/A/AppleJPEG
0x0000000004d36000 	/System/Library/Frameworks/ImageIO.framework/Versions/A/Resources/libJPEG.dylib
0x0000000004d36000 	/System/Library/Frameworks/ImageIO.framework/Versions/A/Resources/libTIFF.dylib
0x0000000004d36000 	/System/Library/Frameworks/ImageIO.framework/Versions/A/Resources/libPng.dylib
0x0000000004d36000 	/System/Library/Frameworks/ImageIO.framework/Versions/A/Resources/libGIF.dylib
0x0000000004d36000 	/System/Library/Frameworks/ImageIO.framework/Versions/A/Resources/libJP2.dylib
0x0000000004d36000 	/System/Library/Frameworks/ImageIO.framework/Versions/A/Resources/libRadiance.dylib
0x0000000004d36000 	/System/Library/Frameworks/CoreVideo.framework/Versions/A/CoreVideo
0x0000000004d36000 	/System/Library/Frameworks/OpenGL.framework/Versions/A/Libraries/libGLU.dylib
0x0000000004d36000 	/System/Library/Frameworks/OpenGL.framework/Versions/A/Libraries/libGFXShared.dylib
0x0000000004d36000 	/System/Library/Frameworks/OpenGL.framework/Versions/A/Libraries/libGL.dylib
0x0000000004d36000 	/System/Library/Frameworks/OpenGL.framework/Versions/A/Libraries/libGLImage.dylib
0x0000000004d36000 	/System/Library/Frameworks/OpenGL.framework/Versions/A/Libraries/libCVMSPluginSupport.dylib
0x0000000004d36000 	/System/Library/Frameworks/OpenGL.framework/Versions/A/Libraries/libCoreVMClient.dylib
0x0000000004d36000 	/usr/lib/libcups.2.dylib
0x0000000004d36000 	/System/Library/Frameworks/Kerberos.framework/Versions/A/Kerberos
0x0000000004d36000 	/System/Library/Frameworks/GSS.framework/Versions/A/GSS
0x0000000004d36000 	/usr/lib/libresolv.9.dylib
0x0000000004d36000 	/usr/lib/libiconv.2.dylib
0x0000000004d36000 	/System/Library/PrivateFrameworks/Heimdal.framework/Versions/A/Heimdal
0x0000000004d36000 	/usr/lib/libheimdal-asn1.dylib
0x0000000004d36000 	/System/Library/Frameworks/OpenDirectory.framework/Versions/A/OpenDirectory
0x0000000004d36000 	/System/Library/PrivateFrameworks/CommonAuth.framework/Versions/A/CommonAuth
0x0000000004d36000 	/System/Library/Frameworks/OpenDirectory.framework/Versions/A/Frameworks/CFOpenDirectory.framework/Versions/A/CFOpenDirectory
0x0000000004d36000 	/System/Library/Frameworks/SecurityFoundation.framework/Versions/A/SecurityFoundation
0x0000000004d36000 	/System/Library/PrivateFrameworks/LanguageModeling.framework/Versions/A/LanguageModeling
0x0000000004d36000 	/usr/lib/libcmph.dylib
0x0000000004d36000 	/System/Library/Frameworks/ServiceManagement.framework/Versions/A/ServiceManagement
0x0000000004d36000 	/usr/lib/libxslt.1.dylib
0x0000000004d36000 	/System/Library/Frameworks/Carbon.framework/Versions/A/Frameworks/Ink.framework/Versions/A/Ink
0x0000000004d36000 	/System/Library/Frameworks/QuartzCore.framework/Versions/A/Frameworks/CoreImage.framework/Versions/A/CoreImage
0x0000000004d36000 	/System/Library/PrivateFrameworks/CrashReporterSupport.framework/Versions/A/CrashReporterSupport
0x0000000004d36000 	/System/Library/Frameworks/OpenCL.framework/Versions/A/OpenCL
0x0000000004d36000 	/System/Library/PrivateFrameworks/FaceCore.framework/Versions/A/FaceCore
0x0000000004d36000 	/System/Library/PrivateFrameworks/Ubiquity.framework/Versions/A/Ubiquity
0x0000000004d36000 	/System/Library/PrivateFrameworks/IconServices.framework/Versions/A/IconServices
0x0000000004d36000 	/System/Library/PrivateFrameworks/ChunkingLibrary.framework/Versions/A/ChunkingLibrary
0x0000000004d36000 	/System/Library/PrivateFrameworks/Apple80211.framework/Versions/A/Apple80211
0x0000000004d36000 	/System/Library/Frameworks/CoreWLAN.framework/Versions/A/CoreWLAN
0x0000000004d36000 	/System/Library/Frameworks/IOBluetooth.framework/Versions/A/IOBluetooth
0x0000000004d36000 	/System/Library/PrivateFrameworks/CoreWiFi.framework/Versions/A/CoreWiFi
0x0000000004d36000 	/System/Library/Frameworks/CoreBluetooth.framework/Versions/A/CoreBluetooth
0x0000000004d36000 	/System/Library/PrivateFrameworks/DebugSymbols.framework/Versions/A/DebugSymbols
0x0000000004d36000 	/System/Library/PrivateFrameworks/CoreSymbolication.framework/Versions/A/CoreSymbolication
0x0000000004d36000 	/System/Library/PrivateFrameworks/Symbolication.framework/Versions/A/Symbolication
0x0000000004d36000 	/System/Library/PrivateFrameworks/SpeechRecognitionCore.framework/Versions/A/SpeechRecognitionCore
0x00000001090ba000 	/Library/Java/JavaVirtualMachines/jdk1.8.0_25.jdk/Contents/Home/jre/lib/server/libjvm.dylib
0x0000000004d36000 	/usr/lib/libstdc++.6.dylib
0x0000000109fed000 	/Library/Java/JavaVirtualMachines/jdk1.8.0_25.jdk/Contents/Home/jre/lib/libverify.dylib
0x000000010a503000 	/Library/Java/JavaVirtualMachines/jdk1.8.0_25.jdk/Contents/Home/jre/lib/libjava.dylib
0x000000010a53f000 	/Library/Java/JavaVirtualMachines/jdk1.8.0_25.jdk/Contents/Home/jre/lib/libzip.dylib
0x000000011d80d000 	/System/Library/Frameworks/JavaVM.framework/Frameworks/JavaRuntimeSupport.framework/JavaRuntimeSupport
0x000000011d825000 	/System/Library/Frameworks/JavaVM.framework/Versions/A/Frameworks/JavaNativeFoundation.framework/Versions/A/JavaNativeFoundation
0x000000011d83a000 	/System/Library/Frameworks/JavaVM.framework/Versions/A/JavaVM
0x0000000004d36000 	/System/Library/Frameworks/Carbon.framework/Versions/A/Carbon
0x000000011d847000 	/System/Library/PrivateFrameworks/JavaLaunching.framework/Versions/A/JavaLaunching
0x0000000004d36000 	/System/Library/Frameworks/Carbon.framework/Versions/A/Frameworks/CommonPanels.framework/Versions/A/CommonPanels
0x0000000004d36000 	/System/Library/Frameworks/Carbon.framework/Versions/A/Frameworks/Help.framework/Versions/A/Help
0x0000000004d36000 	/System/Library/Frameworks/Carbon.framework/Versions/A/Frameworks/ImageCapture.framework/Versions/A/ImageCapture
0x0000000004d36000 	/System/Library/Frameworks/Carbon.framework/Versions/A/Frameworks/OpenScripting.framework/Versions/A/OpenScripting
0x0000000004d36000 	/System/Library/Frameworks/Carbon.framework/Versions/A/Frameworks/Print.framework/Versions/A/Print
0x0000000004d36000 	/System/Library/Frameworks/Carbon.framework/Versions/A/Frameworks/SecurityHI.framework/Versions/A/SecurityHI

VM Arguments:
jvm_args: -Xmx1024M -Dfile.encoding=UTF-8 -Duser.country=US -Duser.language=en -Duser.variant 
java_command: com.android.dx.command.Main --dex --output /Users/jfgaines/Documents/BESI/BESI App/app/build/intermediates/dex/debug /Users/jfgaines/Documents/BESI/BESI App/app/build/intermediates/classes/debug /Users/jfgaines/Documents/BESI/BESI App/app/build/intermediates/pre-dexed/debug/support-annotations-22.0.0-89d80e3c819863487c03cd3434d69e1cce6449d1.jar /Users/jfgaines/Documents/BESI/BESI App/app/build/intermediates/pre-dexed/debug/ormlite-android-4.48-1b8afcd92a91e93b1919b7600d5888cc3d02ed7c.jar /Users/jfgaines/Documents/BESI/BESI App/app/build/intermediates/pre-dexed/debug/internal_impl-22.0.0-01a04c37905040e9a79d7991baf61cc274837850.jar /Users/jfgaines/Documents/BESI/BESI App/app/build/intermediates/pre-dexed/debug/ormlite-core-4.48-6a58a0d35bc42bea67eb82757361f1d039ff26a2.jar /Users/jfgaines/Documents/BESI/BESI App/app/build/intermediates/pre-dexed/debug/classes-0f8b67c5890ee2fc16869f6820390f916f01ca8c.jar /Users/jfgaines/Documents/BESI/BESI App/app/build/intermediates/pre-dexed/debug/classes-6da86d0219368cc1ba292f8115fe4605e4271976.jar
java_class_path (initial): /Users/jfgaines/Library/Android/sdk/build-tools/22.0.1/lib/dx.jar
Launcher Type: SUN_STANDARD

Environment Variables:
PATH=/usr/bin:/bin:/usr/sbin:/sbin
SHELL=/bin/bash

Signal Handlers:
SIGSEGV: [libjvm.dylib+0x579dc7], sa_mask[0]=11111111011111110111111111111111, sa_flags=SA_ONSTACK|SA_RESTART|SA_SIGINFO
SIGBUS: [libjvm.dylib+0x579dc7], sa_mask[0]=11111111011111110111111111111111, sa_flags=SA_RESTART|SA_SIGINFO
SIGFPE: [libjvm.dylib+0x45b030], sa_mask[0]=11111111011111110111111111111111, sa_flags=SA_RESTART|SA_SIGINFO
SIGPIPE: [libjvm.dylib+0x45b030], sa_mask[0]=11111111011111110111111111111111, sa_flags=SA_RESTART|SA_SIGINFO
SIGXFSZ: [libjvm.dylib+0x45b030], sa_mask[0]=11111111011111110111111111111111, sa_flags=SA_RESTART|SA_SIGINFO
SIGILL: [libjvm.dylib+0x45b030], sa_mask[0]=11111111011111110111111111111111, sa_flags=SA_RESTART|SA_SIGINFO
SIGUSR1: SIG_DFL, sa_mask[0]=00000000000000000000000000000000, sa_flags=none
SIGUSR2: [libjvm.dylib+0x45ab4e], sa_mask[0]=00100000000000000000000000000000, sa_flags=SA_RESTART|SA_SIGINFO
SIGHUP: [libjvm.dylib+0x459121], sa_mask[0]=11111111011111110111111111111111, sa_flags=SA_RESTART|SA_SIGINFO
SIGINT: [libjvm.dylib+0x459121], sa_mask[0]=11111111011111110111111111111111, sa_flags=SA_RESTART|SA_SIGINFO
SIGTERM: [libjvm.dylib+0x459121], sa_mask[0]=11111111011111110111111111111111, sa_flags=SA_RESTART|SA_SIGINFO
SIGQUIT: [libjvm.dylib+0x459121], sa_mask[0]=11111111011111110111111111111111, sa_flags=SA_RESTART|SA_SIGINFO


---------------  S Y S T E M  ---------------

OS:Bsduname:Darwin 14.5.0 Darwin Kernel Version 14.5.0: Tue Sep  1 21:23:09 PDT 2015; root:xnu-2782.50.1~1/RELEASE_X86_64 x86_64
rlimit: STACK 8192k, CORE 0k, NPROC 709, NOFILE 10240, AS infinity
load average:4.11 3.67 3.52

CPU:total 2 (2 cores per cpu, 1 threads per core) family 6 model 23 stepping 10, cmov, cx8, fxsr, mmx, sse, sse2, sse3, ssse3, sse4.1, tsc

Memory: 4k page, physical 4194304k(104520k free)

/proc/meminfo:


vm_info: Java HotSpot(TM) 64-Bit Server VM (25.25-b02) for bsd-amd64 JRE (1.8.0_25-b17), built on Sep 17 2014 16:56:50 by "java_re" with gcc 4.2.1 (Based on Apple Inc. build 5658) (LLVM build 2336.11.00)

time: Wed Jan 20 17:34:50 2016
elapsed time: 1 seconds (0d 0h 0m 1s)

